
Showing logs for build [32mcb-kubecd-environment-pr-1433-6-674lz-1[0m stage [32mfrom-build-pack[0m and container [32mstep-credential-initializer-mmx8w[0m
{"level":"info","ts":1587646306.0775766,"logger":"fallback-logger","caller":"logging/config.go:69","msg":"Fetch GitHub commit ID from kodata failed: open /var/run/ko/refs/heads/0.8.0-ns-support: no such file or directory"}
{"level":"info","ts":1587646306.0784745,"logger":"fallback-logger","caller":"creds-init/main.go:40","msg":"Credentials initialized."}

Showing logs for build [32mcb-kubecd-environment-pr-1433-6-674lz-1[0m stage [32mfrom-build-pack[0m and container [32mstep-working-dir-initializer-2zvbz[0m
{"level":"info","ts":1587646306.9062827,"logger":"fallback-logger","caller":"logging/config.go:69","msg":"Fetch GitHub commit ID from kodata failed: open /var/run/ko/HEAD: no such file or directory"}
{"level":"info","ts":1587646306.9078336,"logger":"fallback-logger","caller":"bash/main.go:64","msg":"Successfully executed command \"sh -c mkdir -p /workspace/source\"; output "}

Showing logs for build [32mcb-kubecd-environment-pr-1433-6-674lz-1[0m stage [32mfrom-build-pack[0m and container [32mstep-place-tools[0m

Showing logs for build [32mcb-kubecd-environment-pr-1433-6-674lz-1[0m stage [32mfrom-build-pack[0m and container [32mstep-git-source-cb-kubecd-environment-pr-1433-6-674lz-f64rj[0m
{"level":"info","ts":1587646312.0457306,"logger":"fallback-logger","caller":"logging/config.go:69","msg":"Fetch GitHub commit ID from kodata failed: open /var/run/ko/refs/heads/0.8.0-ns-support: no such file or directory"}
{"level":"info","ts":1587646313.0801456,"logger":"fallback-logger","caller":"git/git.go:103","msg":"Successfully cloned https://github.com/cb-kubecd/environment-pr-1433-6-bdd-frontend-staging.git @ master in path /workspace/source"}

Showing logs for build [32mcb-kubecd-environment-pr-1433-6-674lz-1[0m stage [32mfrom-build-pack[0m and container [32mstep-git-merge[0m
Using SHAs from PULL_REFS=master:06533c194a2a1368d3224f61c2eeb755fdb988c6,1:332542daa4f257d81ca039d6fa60e2bdefdb5e7a
DEBUG: LC_ALL=C JX_LOG_LEVEL=error git fetch origin --unshallow 332542daa4f257d81ca039d6fa60e2bdefdb5e7a: 06533c194a2a1368d3224f61c2eeb755fdb988c6:
DEBUG: ran git fetch --unshallow origin 332542daa4f257d81ca039d6fa60e2bdefdb5e7a: 06533c194a2a1368d3224f61c2eeb755fdb988c6: in 
DEBUG: JX_LOG_LEVEL=error LC_ALL=C git branch
DEBUG: LC_ALL=C JX_LOG_LEVEL=error git checkout master
DEBUG: ran git checkout master in 
DEBUG: LC_ALL=C JX_LOG_LEVEL=error git reset --hard 06533c194a2a1368d3224f61c2eeb755fdb988c6
DEBUG: ran git reset --hard 06533c194a2a1368d3224f61c2eeb755fdb988c6 in 
DEBUG: LC_ALL=C JX_LOG_LEVEL=error git clean -fd .
DEBUG: ran clean --force -d . in 
DEBUG: LC_ALL=C JX_LOG_LEVEL=error git merge 332542daa4f257d81ca039d6fa60e2bdefdb5e7a
DEBUG: ran git merge 332542daa4f257d81ca039d6fa60e2bdefdb5e7a in 
DEBUG: LC_ALL=C JX_LOG_LEVEL=error git log --format=%H%x1f%an%x1f%ae%x1f%cn%x1f%ce%x1f%s%n%b%x1e 06533c194a2a1368d3224f61c2eeb755fdb988c6..HEAD
Merged SHA 332542daa4f257d81ca039d6fa60e2bdefdb5e7a with commit message 'chore: Promote bdd-nh-1587645281 to version 0.0.1' into base branch master

Showing logs for build [32mcb-kubecd-environment-pr-1433-6-674lz-1[0m stage [32mfrom-build-pack[0m and container [32mstep-build-helm-build[0m
WARNING: No $CHART_REPOSITORY defined so using the default value of: http://jenkins-x-chartmuseum:8080
Adding missing Helm repo: storage.googleapis.com https://storage.googleapis.com/chartmuseum.jenkins-x.io
WARNING: No secrets found on "helm/repos" due: reading the secret "helm/repos" from vault: no secret "helm/repos" not found in vault
Read credentials for https://storage.googleapis.com/chartmuseum.jenkins-x.io from vault helm/repos
Successfully added Helm repository storage.googleapis.com.
Adding missing Helm repo: jenkins-x-chartmuseum http://jenkins-x-chartmuseum:8080
WARNING: No secrets found on "helm/repos" due: reading the secret "helm/repos" from vault: no secret "helm/repos" not found in vault
Read credentials for http://jenkins-x-chartmuseum:8080 from vault helm/repos
Successfully added Helm repository jenkins-x-chartmuseum.
WARNING: No $CHART_REPOSITORY defined so using the default value of: http://jenkins-x-chartmuseum:8080
Adding missing Helm repo: chartmuseum.jenkins-x.io http://chartmuseum.jenkins-x.io
WARNING: No secrets found on "helm/repos" due: reading the secret "helm/repos" from vault: no secret "helm/repos" not found in vault
Read credentials for http://chartmuseum.jenkins-x.io from vault helm/repos
Successfully added Helm repository chartmuseum.jenkins-x.io.
